[1.431s] Invoking command in '/home/betul/betul_ws/src/betul': PYTHONPATH=/home/betul/betul_ws/build/betul/prefix_override:/home/betul/betul_ws/install/betul/lib/python3.8/site-packages:${PYTHONPATH} /usr/bin/python3 setup.py egg_info --egg-base ../../build/betul build --build-base /home/betul/betul_ws/build/betul/build install --record /home/betul/betul_ws/build/betul/install.log --install-scripts $base/lib/betul --single-version-externally-managed
[1.743s] running egg_info
[1.744s] writing ../../build/betul/betul.egg-info/PKG-INFO
[1.744s] writing dependency_links to ../../build/betul/betul.egg-info/dependency_links.txt
[1.745s] writing entry points to ../../build/betul/betul.egg-info/entry_points.txt
[1.745s] writing requirements to ../../build/betul/betul.egg-info/requires.txt
[1.745s] writing top-level names to ../../build/betul/betul.egg-info/top_level.txt
[1.800s] reading manifest file '../../build/betul/betul.egg-info/SOURCES.txt'
[1.801s] writing manifest file '../../build/betul/betul.egg-info/SOURCES.txt'
[1.801s] running build
[1.802s] running build_py
[1.802s] running install
[1.803s] running install_lib
[1.805s] running install_data
[1.805s] running install_egg_info
[1.808s] removing '/home/betul/betul_ws/install/betul/lib/python3.8/site-packages/betul-0.0.0-py3.8.egg-info' (and everything under it)
[1.808s] Copying ../../build/betul/betul.egg-info to /home/betul/betul_ws/install/betul/lib/python3.8/site-packages/betul-0.0.0-py3.8.egg-info
[1.809s] running install_scripts
[1.834s] writing list of installed files to '/home/betul/betul_ws/build/betul/install.log'
[1.871s] Invoked command in '/home/betul/betul_ws/src/betul' returned '0': PYTHONPATH=/home/betul/betul_ws/build/betul/prefix_override:/home/betul/betul_ws/install/betul/lib/python3.8/site-packages:${PYTHONPATH} /usr/bin/python3 setup.py egg_info --egg-base ../../build/betul build --build-base /home/betul/betul_ws/build/betul/build install --record /home/betul/betul_ws/build/betul/install.log --install-scripts $base/lib/betul --single-version-externally-managed
