running egg_info
creating ../../build/betul/betul.egg-info
writing ../../build/betul/betul.egg-info/PKG-INFO
writing dependency_links to ../../build/betul/betul.egg-info/dependency_links.txt
writing entry points to ../../build/betul/betul.egg-info/entry_points.txt
writing requirements to ../../build/betul/betul.egg-info/requires.txt
writing top-level names to ../../build/betul/betul.egg-info/top_level.txt
writing manifest file '../../build/betul/betul.egg-info/SOURCES.txt'
reading manifest file '../../build/betul/betul.egg-info/SOURCES.txt'
writing manifest file '../../build/betul/betul.egg-info/SOURCES.txt'
running build
running build_py
creating /home/betul/betul_ws/build/betul/build
creating /home/betul/betul_ws/build/betul/build/lib
creating /home/betul/betul_ws/build/betul/build/lib/betul
copying betul/__init__.py -> /home/betul/betul_ws/build/betul/build/lib/betul
copying betul/publisher_member_function.py -> /home/betul/betul_ws/build/betul/build/lib/betul
running install
running install_lib
creating /home/betul/betul_ws/install/betul/lib/python3.8/site-packages/betul
copying /home/betul/betul_ws/build/betul/build/lib/betul/__init__.py -> /home/betul/betul_ws/install/betul/lib/python3.8/site-packages/betul
copying /home/betul/betul_ws/build/betul/build/lib/betul/publisher_member_function.py -> /home/betul/betul_ws/install/betul/lib/python3.8/site-packages/betul
byte-compiling /home/betul/betul_ws/install/betul/lib/python3.8/site-packages/betul/__init__.py to __init__.cpython-38.pyc
byte-compiling /home/betul/betul_ws/install/betul/lib/python3.8/site-packages/betul/publisher_member_function.py to publisher_member_function.cpython-38.pyc
running install_data
creating /home/betul/betul_ws/install/betul/share/ament_index
creating /home/betul/betul_ws/install/betul/share/ament_index/resource_index
creating /home/betul/betul_ws/install/betul/share/ament_index/resource_index/packages
copying resource/betul -> /home/betul/betul_ws/install/betul/share/ament_index/resource_index/packages
copying package.xml -> /home/betul/betul_ws/install/betul/share/betul
running install_egg_info
Copying ../../build/betul/betul.egg-info to /home/betul/betul_ws/install/betul/lib/python3.8/site-packages/betul-0.0.0-py3.8.egg-info
running install_scripts
writing list of installed files to '/home/betul/betul_ws/build/betul/install.log'
