[3.554s] DEBUG:colcon:Command line arguments: ['/usr/bin/colcon', 'build', '--packages-select', 'betul']
[3.554s] DEBUG:colcon:Parsed command line arguments: Namespace(allow_overriding=[], ament_cmake_args=None, base_paths=['.'], build_base='build', catkin_cmake_args=None, catkin_skip_building_tests=False, cmake_args=None, cmake_clean_cache=False, cmake_clean_first=False, cmake_force_configure=False, cmake_target=None, cmake_target_skip_unavailable=False, continue_on_error=False, event_handlers=None, executor='parallel', ignore_user_meta=False, install_base='install', log_base=None, log_level=None, main=<bound method BuildVerb.main of <colcon_core.verb.build.BuildVerb object at 0x7f1210534910>>, merge_install=False, metas=['./colcon.meta'], packages_above=None, packages_above_and_dependencies=None, packages_above_depth=None, packages_end=None, packages_ignore=None, packages_ignore_regex=None, packages_select=['betul'], packages_select_build_failed=False, packages_select_by_dep=None, packages_select_regex=None, packages_select_test_failures=False, packages_skip=None, packages_skip_build_finished=False, packages_skip_by_dep=None, packages_skip_regex=None, packages_skip_test_passed=False, packages_skip_up_to=None, packages_start=None, packages_up_to=None, packages_up_to_regex=None, parallel_workers=8, paths=None, symlink_install=False, test_result_base=None, verb_extension=<colcon_core.verb.build.BuildVerb object at 0x7f1210534910>, verb_name='build', verb_parser=<colcon_defaults.argument_parser.defaults.DefaultArgumentsDecorator object at 0x7f12105c8b80>)
[3.697s] Level 1:colcon.colcon_core.package_discovery:discover_packages(colcon_meta) check parameters
[3.698s] Level 1:colcon.colcon_core.package_discovery:discover_packages(recursive) check parameters
[3.698s] Level 1:colcon.colcon_core.package_discovery:discover_packages(ignore) check parameters
[3.698s] Level 1:colcon.colcon_core.package_discovery:discover_packages(path) check parameters
[3.698s] Level 1:colcon.colcon_core.package_discovery:discover_packages(colcon_meta) discover
[3.698s] Level 1:colcon.colcon_core.package_discovery:discover_packages(recursive) discover
[3.698s] INFO:colcon.colcon_core.package_discovery:Crawling recursively for packages in '/home/betul/betul_ws'
[3.698s] Level 1:colcon.colcon_core.package_identification:_identify(.) by extensions ['ignore', 'ignore_ament_install']
[3.698s] Level 1:colcon.colcon_core.package_identification:_identify(.) by extension 'ignore'
[3.698s] Level 1:colcon.colcon_core.package_identification:_identify(.) by extension 'ignore_ament_install'
[3.698s] Level 1:colcon.colcon_core.package_identification:_identify(.) by extensions ['colcon_pkg']
[3.699s] Level 1:colcon.colcon_core.package_identification:_identify(.) by extension 'colcon_pkg'
[3.699s] Level 1:colcon.colcon_core.package_identification:_identify(.) by extensions ['colcon_meta']
[3.699s] Level 1:colcon.colcon_core.package_identification:_identify(.) by extension 'colcon_meta'
[3.699s] Level 1:colcon.colcon_core.package_identification:_identify(.) by extensions ['ros']
[3.699s] Level 1:colcon.colcon_core.package_identification:_identify(.) by extension 'ros'
[3.716s] Level 1:colcon.colcon_core.package_identification:_identify(.) by extensions ['cmake', 'python']
[3.716s] Level 1:colcon.colcon_core.package_identification:_identify(.) by extension 'cmake'
[3.716s] Level 1:colcon.colcon_core.package_identification:_identify(.) by extension 'python'
[3.716s] Level 1:colcon.colcon_core.package_identification:_identify(.) by extensions ['python_setup_py']
[3.716s] Level 1:colcon.colcon_core.package_identification:_identify(.) by extension 'python_setup_py'
[3.717s] Level 1:colcon.colcon_core.package_identification:_identify(build) by extensions ['ignore', 'ignore_ament_install']
[3.717s] Level 1:colcon.colcon_core.package_identification:_identify(build) by extension 'ignore'
[3.717s] Level 1:colcon.colcon_core.package_identification:_identify(build) ignored
[3.717s] Level 1:colcon.colcon_core.package_identification:_identify(install) by extensions ['ignore', 'ignore_ament_install']
[3.717s] Level 1:colcon.colcon_core.package_identification:_identify(install) by extension 'ignore'
[3.717s] Level 1:colcon.colcon_core.package_identification:_identify(install) ignored
[3.717s] Level 1:colcon.colcon_core.package_identification:_identify(log) by extensions ['ignore', 'ignore_ament_install']
[3.718s] Level 1:colcon.colcon_core.package_identification:_identify(log) by extension 'ignore'
[3.718s] Level 1:colcon.colcon_core.package_identification:_identify(log) ignored
[3.718s] Level 1:colcon.colcon_core.package_identification:_identify(src) by extensions ['ignore', 'ignore_ament_install']
[3.718s] Level 1:colcon.colcon_core.package_identification:_identify(src) by extension 'ignore'
[3.718s] Level 1:colcon.colcon_core.package_identification:_identify(src) by extension 'ignore_ament_install'
[3.718s] Level 1:colcon.colcon_core.package_identification:_identify(src) by extensions ['colcon_pkg']
[3.718s] Level 1:colcon.colcon_core.package_identification:_identify(src) by extension 'colcon_pkg'
[3.718s] Level 1:colcon.colcon_core.package_identification:_identify(src) by extensions ['colcon_meta']
[3.718s] Level 1:colcon.colcon_core.package_identification:_identify(src) by extension 'colcon_meta'
[3.718s] Level 1:colcon.colcon_core.package_identification:_identify(src) by extensions ['ros']
[3.718s] Level 1:colcon.colcon_core.package_identification:_identify(src) by extension 'ros'
[3.718s] Level 1:colcon.colcon_core.package_identification:_identify(src) by extensions ['cmake', 'python']
[3.719s] Level 1:colcon.colcon_core.package_identification:_identify(src) by extension 'cmake'
[3.719s] Level 1:colcon.colcon_core.package_identification:_identify(src) by extension 'python'
[3.719s] Level 1:colcon.colcon_core.package_identification:_identify(src) by extensions ['python_setup_py']
[3.719s] Level 1:colcon.colcon_core.package_identification:_identify(src) by extension 'python_setup_py'
[3.719s] Level 1:colcon.colcon_core.package_identification:_identify(src/betul) by extensions ['ignore', 'ignore_ament_install']
[3.719s] Level 1:colcon.colcon_core.package_identification:_identify(src/betul) by extension 'ignore'
[3.719s] Level 1:colcon.colcon_core.package_identification:_identify(src/betul) by extension 'ignore_ament_install'
[3.719s] Level 1:colcon.colcon_core.package_identification:_identify(src/betul) by extensions ['colcon_pkg']
[3.719s] Level 1:colcon.colcon_core.package_identification:_identify(src/betul) by extension 'colcon_pkg'
[3.719s] Level 1:colcon.colcon_core.package_identification:_identify(src/betul) by extensions ['colcon_meta']
[3.719s] Level 1:colcon.colcon_core.package_identification:_identify(src/betul) by extension 'colcon_meta'
[3.719s] Level 1:colcon.colcon_core.package_identification:_identify(src/betul) by extensions ['ros']
[3.720s] Level 1:colcon.colcon_core.package_identification:_identify(src/betul) by extension 'ros'
[3.723s] DEBUG:colcon.colcon_core.package_identification:Package 'src/betul' with type 'ros.ament_python' and name 'betul'
[3.723s] Level 1:colcon.colcon_core.package_discovery:discover_packages(recursive) using defaults
[3.723s] Level 1:colcon.colcon_core.package_discovery:discover_packages(ignore) discover
[3.723s] Level 1:colcon.colcon_core.package_discovery:discover_packages(ignore) using defaults
[3.723s] Level 1:colcon.colcon_core.package_discovery:discover_packages(path) discover
[3.723s] Level 1:colcon.colcon_core.package_discovery:discover_packages(path) using defaults
[4.057s] Level 1:colcon.colcon_core.package_discovery:discover_packages(prefix_path) check parameters
[4.057s] Level 1:colcon.colcon_core.package_discovery:discover_packages(prefix_path) discover
[4.177s] DEBUG:colcon.colcon_installed_package_information.package_discovery:Found 0 installed packages in /home/betul/betul_ws/install
[4.248s] DEBUG:colcon.colcon_installed_package_information.package_discovery:Found 263 installed packages in /opt/ros/foxy
[4.251s] Level 1:colcon.colcon_core.package_discovery:discover_packages(prefix_path) using defaults
[4.525s] Level 5:colcon.colcon_core.verb:set package 'betul' build argument 'cmake_args' from command line to 'None'
[4.525s] Level 5:colcon.colcon_core.verb:set package 'betul' build argument 'cmake_target' from command line to 'None'
[4.525s] Level 5:colcon.colcon_core.verb:set package 'betul' build argument 'cmake_target_skip_unavailable' from command line to 'False'
[4.525s] Level 5:colcon.colcon_core.verb:set package 'betul' build argument 'cmake_clean_cache' from command line to 'False'
[4.525s] Level 5:colcon.colcon_core.verb:set package 'betul' build argument 'cmake_clean_first' from command line to 'False'
[4.525s] Level 5:colcon.colcon_core.verb:set package 'betul' build argument 'cmake_force_configure' from command line to 'False'
[4.526s] Level 5:colcon.colcon_core.verb:set package 'betul' build argument 'ament_cmake_args' from command line to 'None'
[4.526s] Level 5:colcon.colcon_core.verb:set package 'betul' build argument 'catkin_cmake_args' from command line to 'None'
[4.526s] Level 5:colcon.colcon_core.verb:set package 'betul' build argument 'catkin_skip_building_tests' from command line to 'False'
[4.526s] DEBUG:colcon.colcon_core.verb:Building package 'betul' with the following arguments: {'ament_cmake_args': None, 'build_base': '/home/betul/betul_ws/build/betul', 'catkin_cmake_args': None, 'catkin_skip_building_tests': False, 'cmake_args': None, 'cmake_clean_cache': False, 'cmake_clean_first': False, 'cmake_force_configure': False, 'cmake_target': None, 'cmake_target_skip_unavailable': False, 'install_base': '/home/betul/betul_ws/install/betul', 'merge_install': False, 'path': '/home/betul/betul_ws/src/betul', 'symlink_install': False, 'test_result_base': None}
[4.592s] INFO:colcon.colcon_core.executor:Executing jobs using 'parallel' executor
[4.655s] DEBUG:colcon.colcon_parallel_executor.executor.parallel:run_until_complete
[4.656s] INFO:colcon.colcon_ros.task.ament_python.build:Building ROS package in '/home/betul/betul_ws/src/betul' with build type 'ament_python'
[4.656s] Level 1:colcon.colcon_core.shell:create_environment_hook('betul', 'ament_prefix_path')
[4.729s] INFO:colcon.colcon_core.plugin_system:Skipping extension 'colcon_core.shell.bat': Not used on non-Windows systems
[4.730s] INFO:colcon.colcon_core.shell:Creating environment hook '/home/betul/betul_ws/install/betul/share/betul/hook/ament_prefix_path.ps1'
[4.731s] INFO:colcon.colcon_core.shell:Creating environment descriptor '/home/betul/betul_ws/install/betul/share/betul/hook/ament_prefix_path.dsv'
[4.732s] INFO:colcon.colcon_core.shell:Creating environment hook '/home/betul/betul_ws/install/betul/share/betul/hook/ament_prefix_path.sh'
[4.826s] INFO:colcon.colcon_core.shell:Skip shell extension 'powershell' for command environment: Not usable outside of PowerShell
[4.826s] DEBUG:colcon.colcon_core.shell:Skip shell extension 'dsv' for command environment
[5.397s] INFO:colcon.colcon_core.task.python.build:Building Python package in '/home/betul/betul_ws/src/betul'
[5.462s] INFO:colcon.colcon_core.shell:Skip shell extension 'powershell' for command environment: Not usable outside of PowerShell
[5.462s] DEBUG:colcon.colcon_core.shell:Skip shell extension 'dsv' for command environment
[6.242s] DEBUG:colcon.colcon_core.event_handler.log_command:Invoking command in '/home/betul/betul_ws/src/betul': PYTHONPATH=/home/betul/betul_ws/build/betul/prefix_override:/home/betul/betul_ws/install/betul/lib/python3.8/site-packages:${PYTHONPATH} /usr/bin/python3 setup.py egg_info --egg-base ../../build/betul build --build-base /home/betul/betul_ws/build/betul/build install --record /home/betul/betul_ws/build/betul/install.log --install-scripts $base/lib/betul --single-version-externally-managed
[6.754s] DEBUG:colcon.colcon_core.event_handler.log_command:Invoked command in '/home/betul/betul_ws/src/betul' returned '0': PYTHONPATH=/home/betul/betul_ws/build/betul/prefix_override:/home/betul/betul_ws/install/betul/lib/python3.8/site-packages:${PYTHONPATH} /usr/bin/python3 setup.py egg_info --egg-base ../../build/betul build --build-base /home/betul/betul_ws/build/betul/build install --record /home/betul/betul_ws/build/betul/install.log --install-scripts $base/lib/betul --single-version-externally-managed
[6.820s] Level 1:colcon.colcon_core.environment:checking '/home/betul/betul_ws/install/betul' for CMake module files
[6.820s] Level 1:colcon.colcon_core.environment:checking '/home/betul/betul_ws/install/betul' for CMake config files
[6.821s] Level 1:colcon.colcon_core.environment:checking '/home/betul/betul_ws/install/betul/lib'
[6.821s] Level 1:colcon.colcon_core.environment:checking '/home/betul/betul_ws/install/betul/bin'
[6.821s] Level 1:colcon.colcon_core.environment:checking '/home/betul/betul_ws/install/betul/lib/pkgconfig/betul.pc'
[6.822s] Level 1:colcon.colcon_core.environment:checking '/home/betul/betul_ws/install/betul/lib/python3.8/site-packages'
[6.822s] Level 1:colcon.colcon_core.shell:create_environment_hook('betul', 'pythonpath')
[6.877s] INFO:colcon.colcon_core.shell:Creating environment hook '/home/betul/betul_ws/install/betul/share/betul/hook/pythonpath.ps1'
[6.878s] INFO:colcon.colcon_core.shell:Creating environment descriptor '/home/betul/betul_ws/install/betul/share/betul/hook/pythonpath.dsv'
[6.879s] INFO:colcon.colcon_core.shell:Creating environment hook '/home/betul/betul_ws/install/betul/share/betul/hook/pythonpath.sh'
[6.879s] Level 1:colcon.colcon_core.environment:checking '/home/betul/betul_ws/install/betul/bin'
[6.879s] Level 1:colcon.colcon_core.environment:create_environment_scripts_only(betul)
[6.940s] INFO:colcon.colcon_core.shell:Creating package script '/home/betul/betul_ws/install/betul/share/betul/package.ps1'
[6.942s] INFO:colcon.colcon_core.shell:Creating package descriptor '/home/betul/betul_ws/install/betul/share/betul/package.dsv'
[6.943s] INFO:colcon.colcon_core.shell:Creating package script '/home/betul/betul_ws/install/betul/share/betul/package.sh'
[6.945s] INFO:colcon.colcon_core.shell:Creating package script '/home/betul/betul_ws/install/betul/share/betul/package.bash'
[6.946s] INFO:colcon.colcon_core.shell:Creating package script '/home/betul/betul_ws/install/betul/share/betul/package.zsh'
[6.948s] Level 1:colcon.colcon_core.environment:create_file_with_runtime_dependencies(/home/betul/betul_ws/install/betul/share/colcon-core/packages/betul)
[6.949s] DEBUG:colcon.colcon_parallel_executor.executor.parallel:closing loop
[6.949s] DEBUG:colcon.colcon_parallel_executor.executor.parallel:loop closed
[6.950s] DEBUG:colcon.colcon_parallel_executor.executor.parallel:run_until_complete finished with '0'
[6.950s] DEBUG:colcon.colcon_core.event_reactor:joining thread
[7.021s] INFO:colcon.colcon_core.plugin_system:Skipping extension 'colcon_notification.desktop_notification.terminal_notifier': Not used on non-Darwin systems
[7.021s] INFO:colcon.colcon_core.plugin_system:Skipping extension 'colcon_notification.desktop_notification.win32': Not used on non-Windows systems
[7.021s] INFO:colcon.colcon_notification.desktop_notification:Sending desktop notification using 'notify2'
[7.053s] DEBUG:colcon.colcon_core.event_reactor:joined thread
[7.112s] INFO:colcon.colcon_core.shell:Creating prefix script '/home/betul/betul_ws/install/local_setup.ps1'
[7.113s] INFO:colcon.colcon_core.shell:Creating prefix util module '/home/betul/betul_ws/install/_local_setup_util_ps1.py'
[7.115s] INFO:colcon.colcon_core.shell:Creating prefix chain script '/home/betul/betul_ws/install/setup.ps1'
[7.181s] INFO:colcon.colcon_core.shell:Creating prefix script '/home/betul/betul_ws/install/local_setup.sh'
[7.183s] INFO:colcon.colcon_core.shell:Creating prefix util module '/home/betul/betul_ws/install/_local_setup_util_sh.py'
[7.184s] INFO:colcon.colcon_core.shell:Creating prefix chain script '/home/betul/betul_ws/install/setup.sh'
[7.253s] INFO:colcon.colcon_core.shell:Creating prefix script '/home/betul/betul_ws/install/local_setup.bash'
[7.254s] INFO:colcon.colcon_core.shell:Creating prefix chain script '/home/betul/betul_ws/install/setup.bash'
[7.318s] INFO:colcon.colcon_core.shell:Creating prefix script '/home/betul/betul_ws/install/local_setup.zsh'
[7.319s] INFO:colcon.colcon_core.shell:Creating prefix chain script '/home/betul/betul_ws/install/setup.zsh'
