[3.341s] DEBUG:colcon:Command line arguments: ['/usr/bin/colcon', 'build']
[3.341s] DEBUG:colcon:Parsed command line arguments: Namespace(allow_overriding=[], ament_cmake_args=None, base_paths=['.'], build_base='build', catkin_cmake_args=None, catkin_skip_building_tests=False, cmake_args=None, cmake_clean_cache=False, cmake_clean_first=False, cmake_force_configure=False, cmake_target=None, cmake_target_skip_unavailable=False, continue_on_error=False, event_handlers=None, executor='parallel', ignore_user_meta=False, install_base='install', log_base=None, log_level=None, main=<bound method BuildVerb.main of <colcon_core.verb.build.BuildVerb object at 0x7fb9ee0ab3a0>>, merge_install=False, metas=['./colcon.meta'], packages_above=None, packages_above_and_dependencies=None, packages_above_depth=None, packages_end=None, packages_ignore=None, packages_ignore_regex=None, packages_select=None, packages_select_build_failed=False, packages_select_by_dep=None, packages_select_regex=None, packages_select_test_failures=False, packages_skip=None, packages_skip_build_finished=False, packages_skip_by_dep=None, packages_skip_regex=None, packages_skip_test_passed=False, packages_skip_up_to=None, packages_start=None, packages_up_to=None, packages_up_to_regex=None, parallel_workers=8, paths=None, symlink_install=False, test_result_base=None, verb_extension=<colcon_core.verb.build.BuildVerb object at 0x7fb9ee0ab3a0>, verb_name='build', verb_parser=<colcon_defaults.argument_parser.defaults.DefaultArgumentsDecorator object at 0x7fb9edcf3a30>)
[3.480s] Level 1:colcon.colcon_core.package_discovery:discover_packages(colcon_meta) check parameters
[3.480s] Level 1:colcon.colcon_core.package_discovery:discover_packages(recursive) check parameters
[3.480s] Level 1:colcon.colcon_core.package_discovery:discover_packages(ignore) check parameters
[3.480s] Level 1:colcon.colcon_core.package_discovery:discover_packages(path) check parameters
[3.480s] Level 1:colcon.colcon_core.package_discovery:discover_packages(colcon_meta) discover
[3.480s] Level 1:colcon.colcon_core.package_discovery:discover_packages(recursive) discover
[3.480s] INFO:colcon.colcon_core.package_discovery:Crawling recursively for packages in '/home/betul/betul_ws'
[3.481s] Level 1:colcon.colcon_core.package_identification:_identify(.) by extensions ['ignore', 'ignore_ament_install']
[3.481s] Level 1:colcon.colcon_core.package_identification:_identify(.) by extension 'ignore'
[3.481s] Level 1:colcon.colcon_core.package_identification:_identify(.) by extension 'ignore_ament_install'
[3.481s] Level 1:colcon.colcon_core.package_identification:_identify(.) by extensions ['colcon_pkg']
[3.481s] Level 1:colcon.colcon_core.package_identification:_identify(.) by extension 'colcon_pkg'
[3.481s] Level 1:colcon.colcon_core.package_identification:_identify(.) by extensions ['colcon_meta']
[3.481s] Level 1:colcon.colcon_core.package_identification:_identify(.) by extension 'colcon_meta'
[3.481s] Level 1:colcon.colcon_core.package_identification:_identify(.) by extensions ['ros']
[3.481s] Level 1:colcon.colcon_core.package_identification:_identify(.) by extension 'ros'
[3.498s] Level 1:colcon.colcon_core.package_identification:_identify(.) by extensions ['cmake', 'python']
[3.498s] Level 1:colcon.colcon_core.package_identification:_identify(.) by extension 'cmake'
[3.499s] Level 1:colcon.colcon_core.package_identification:_identify(.) by extension 'python'
[3.499s] Level 1:colcon.colcon_core.package_identification:_identify(.) by extensions ['python_setup_py']
[3.499s] Level 1:colcon.colcon_core.package_identification:_identify(.) by extension 'python_setup_py'
[3.499s] Level 1:colcon.colcon_core.package_identification:_identify(build) by extensions ['ignore', 'ignore_ament_install']
[3.499s] Level 1:colcon.colcon_core.package_identification:_identify(build) by extension 'ignore'
[3.499s] Level 1:colcon.colcon_core.package_identification:_identify(build) ignored
[3.499s] Level 1:colcon.colcon_core.package_identification:_identify(install) by extensions ['ignore', 'ignore_ament_install']
[3.499s] Level 1:colcon.colcon_core.package_identification:_identify(install) by extension 'ignore'
[3.500s] Level 1:colcon.colcon_core.package_identification:_identify(install) ignored
[3.500s] Level 1:colcon.colcon_core.package_identification:_identify(log) by extensions ['ignore', 'ignore_ament_install']
[3.500s] Level 1:colcon.colcon_core.package_identification:_identify(log) by extension 'ignore'
[3.500s] Level 1:colcon.colcon_core.package_identification:_identify(log) ignored
[3.500s] Level 1:colcon.colcon_core.package_identification:_identify(src) by extensions ['ignore', 'ignore_ament_install']
[3.500s] Level 1:colcon.colcon_core.package_identification:_identify(src) by extension 'ignore'
[3.500s] Level 1:colcon.colcon_core.package_identification:_identify(src) by extension 'ignore_ament_install'
[3.500s] Level 1:colcon.colcon_core.package_identification:_identify(src) by extensions ['colcon_pkg']
[3.500s] Level 1:colcon.colcon_core.package_identification:_identify(src) by extension 'colcon_pkg'
[3.500s] Level 1:colcon.colcon_core.package_identification:_identify(src) by extensions ['colcon_meta']
[3.500s] Level 1:colcon.colcon_core.package_identification:_identify(src) by extension 'colcon_meta'
[3.500s] Level 1:colcon.colcon_core.package_identification:_identify(src) by extensions ['ros']
[3.501s] Level 1:colcon.colcon_core.package_identification:_identify(src) by extension 'ros'
[3.501s] Level 1:colcon.colcon_core.package_identification:_identify(src) by extensions ['cmake', 'python']
[3.501s] Level 1:colcon.colcon_core.package_identification:_identify(src) by extension 'cmake'
[3.501s] Level 1:colcon.colcon_core.package_identification:_identify(src) by extension 'python'
[3.501s] Level 1:colcon.colcon_core.package_identification:_identify(src) by extensions ['python_setup_py']
[3.501s] Level 1:colcon.colcon_core.package_identification:_identify(src) by extension 'python_setup_py'
[3.501s] Level 1:colcon.colcon_core.package_identification:_identify(src/betul) by extensions ['ignore', 'ignore_ament_install']
[3.501s] Level 1:colcon.colcon_core.package_identification:_identify(src/betul) by extension 'ignore'
[3.501s] Level 1:colcon.colcon_core.package_identification:_identify(src/betul) by extension 'ignore_ament_install'
[3.501s] Level 1:colcon.colcon_core.package_identification:_identify(src/betul) by extensions ['colcon_pkg']
[3.501s] Level 1:colcon.colcon_core.package_identification:_identify(src/betul) by extension 'colcon_pkg'
[3.501s] Level 1:colcon.colcon_core.package_identification:_identify(src/betul) by extensions ['colcon_meta']
[3.501s] Level 1:colcon.colcon_core.package_identification:_identify(src/betul) by extension 'colcon_meta'
[3.502s] Level 1:colcon.colcon_core.package_identification:_identify(src/betul) by extensions ['ros']
[3.502s] Level 1:colcon.colcon_core.package_identification:_identify(src/betul) by extension 'ros'
[3.505s] DEBUG:colcon.colcon_core.package_identification:Package 'src/betul' with type 'ros.ament_python' and name 'betul'
[3.505s] Level 1:colcon.colcon_core.package_discovery:discover_packages(recursive) using defaults
[3.505s] Level 1:colcon.colcon_core.package_discovery:discover_packages(ignore) discover
[3.505s] Level 1:colcon.colcon_core.package_discovery:discover_packages(ignore) using defaults
[3.506s] Level 1:colcon.colcon_core.package_discovery:discover_packages(path) discover
[3.506s] Level 1:colcon.colcon_core.package_discovery:discover_packages(path) using defaults
[3.824s] Level 1:colcon.colcon_core.package_discovery:discover_packages(prefix_path) check parameters
[3.824s] Level 1:colcon.colcon_core.package_discovery:discover_packages(prefix_path) discover
[3.938s] DEBUG:colcon.colcon_installed_package_information.package_discovery:Found 263 installed packages in /opt/ros/foxy
[3.941s] Level 1:colcon.colcon_core.package_discovery:discover_packages(prefix_path) using defaults
[4.166s] Level 5:colcon.colcon_core.verb:set package 'betul' build argument 'cmake_args' from command line to 'None'
[4.166s] Level 5:colcon.colcon_core.verb:set package 'betul' build argument 'cmake_target' from command line to 'None'
[4.167s] Level 5:colcon.colcon_core.verb:set package 'betul' build argument 'cmake_target_skip_unavailable' from command line to 'False'
[4.167s] Level 5:colcon.colcon_core.verb:set package 'betul' build argument 'cmake_clean_cache' from command line to 'False'
[4.167s] Level 5:colcon.colcon_core.verb:set package 'betul' build argument 'cmake_clean_first' from command line to 'False'
[4.167s] Level 5:colcon.colcon_core.verb:set package 'betul' build argument 'cmake_force_configure' from command line to 'False'
[4.167s] Level 5:colcon.colcon_core.verb:set package 'betul' build argument 'ament_cmake_args' from command line to 'None'
[4.167s] Level 5:colcon.colcon_core.verb:set package 'betul' build argument 'catkin_cmake_args' from command line to 'None'
[4.167s] Level 5:colcon.colcon_core.verb:set package 'betul' build argument 'catkin_skip_building_tests' from command line to 'False'
[4.167s] DEBUG:colcon.colcon_core.verb:Building package 'betul' with the following arguments: {'ament_cmake_args': None, 'build_base': '/home/betul/betul_ws/build/betul', 'catkin_cmake_args': None, 'catkin_skip_building_tests': False, 'cmake_args': None, 'cmake_clean_cache': False, 'cmake_clean_first': False, 'cmake_force_configure': False, 'cmake_target': None, 'cmake_target_skip_unavailable': False, 'install_base': '/home/betul/betul_ws/install/betul', 'merge_install': False, 'path': '/home/betul/betul_ws/src/betul', 'symlink_install': False, 'test_result_base': None}
[4.220s] INFO:colcon.colcon_core.executor:Executing jobs using 'parallel' executor
[4.274s] DEBUG:colcon.colcon_parallel_executor.executor.parallel:run_until_complete
[4.275s] INFO:colcon.colcon_ros.task.ament_python.build:Building ROS package in '/home/betul/betul_ws/src/betul' with build type 'ament_python'
[4.275s] Level 1:colcon.colcon_core.shell:create_environment_hook('betul', 'ament_prefix_path')
[4.331s] INFO:colcon.colcon_core.plugin_system:Skipping extension 'colcon_core.shell.bat': Not used on non-Windows systems
[4.331s] INFO:colcon.colcon_core.shell:Creating environment hook '/home/betul/betul_ws/install/betul/share/betul/hook/ament_prefix_path.ps1'
[4.332s] INFO:colcon.colcon_core.shell:Creating environment descriptor '/home/betul/betul_ws/install/betul/share/betul/hook/ament_prefix_path.dsv'
[4.333s] INFO:colcon.colcon_core.shell:Creating environment hook '/home/betul/betul_ws/install/betul/share/betul/hook/ament_prefix_path.sh'
[4.388s] INFO:colcon.colcon_core.shell:Skip shell extension 'powershell' for command environment: Not usable outside of PowerShell
[4.388s] DEBUG:colcon.colcon_core.shell:Skip shell extension 'dsv' for command environment
[4.898s] INFO:colcon.colcon_core.task.python.build:Building Python package in '/home/betul/betul_ws/src/betul'
[4.963s] INFO:colcon.colcon_core.shell:Skip shell extension 'powershell' for command environment: Not usable outside of PowerShell
[4.963s] DEBUG:colcon.colcon_core.shell:Skip shell extension 'dsv' for command environment
[5.707s] DEBUG:colcon.colcon_core.event_handler.log_command:Invoking command in '/home/betul/betul_ws/src/betul': PYTHONPATH=/home/betul/betul_ws/build/betul/prefix_override:/home/betul/betul_ws/install/betul/lib/python3.8/site-packages:${PYTHONPATH} /usr/bin/python3 setup.py egg_info --egg-base ../../build/betul build --build-base /home/betul/betul_ws/build/betul/build install --record /home/betul/betul_ws/build/betul/install.log --install-scripts $base/lib/betul --single-version-externally-managed
[6.146s] DEBUG:colcon.colcon_core.event_handler.log_command:Invoked command in '/home/betul/betul_ws/src/betul' returned '0': PYTHONPATH=/home/betul/betul_ws/build/betul/prefix_override:/home/betul/betul_ws/install/betul/lib/python3.8/site-packages:${PYTHONPATH} /usr/bin/python3 setup.py egg_info --egg-base ../../build/betul build --build-base /home/betul/betul_ws/build/betul/build install --record /home/betul/betul_ws/build/betul/install.log --install-scripts $base/lib/betul --single-version-externally-managed
[6.214s] Level 1:colcon.colcon_core.environment:checking '/home/betul/betul_ws/install/betul' for CMake module files
[6.215s] Level 1:colcon.colcon_core.environment:checking '/home/betul/betul_ws/install/betul' for CMake config files
[6.216s] Level 1:colcon.colcon_core.environment:checking '/home/betul/betul_ws/install/betul/lib'
[6.216s] Level 1:colcon.colcon_core.environment:checking '/home/betul/betul_ws/install/betul/bin'
[6.216s] Level 1:colcon.colcon_core.environment:checking '/home/betul/betul_ws/install/betul/lib/pkgconfig/betul.pc'
[6.216s] Level 1:colcon.colcon_core.environment:checking '/home/betul/betul_ws/install/betul/lib/python3.8/site-packages'
[6.216s] Level 1:colcon.colcon_core.shell:create_environment_hook('betul', 'pythonpath')
[6.277s] INFO:colcon.colcon_core.shell:Creating environment hook '/home/betul/betul_ws/install/betul/share/betul/hook/pythonpath.ps1'
[6.278s] INFO:colcon.colcon_core.shell:Creating environment descriptor '/home/betul/betul_ws/install/betul/share/betul/hook/pythonpath.dsv'
[6.278s] INFO:colcon.colcon_core.shell:Creating environment hook '/home/betul/betul_ws/install/betul/share/betul/hook/pythonpath.sh'
[6.279s] Level 1:colcon.colcon_core.environment:checking '/home/betul/betul_ws/install/betul/bin'
[6.279s] Level 1:colcon.colcon_core.environment:create_environment_scripts_only(betul)
[6.336s] INFO:colcon.colcon_core.shell:Creating package script '/home/betul/betul_ws/install/betul/share/betul/package.ps1'
[6.337s] INFO:colcon.colcon_core.shell:Creating package descriptor '/home/betul/betul_ws/install/betul/share/betul/package.dsv'
[6.338s] INFO:colcon.colcon_core.shell:Creating package script '/home/betul/betul_ws/install/betul/share/betul/package.sh'
[6.339s] INFO:colcon.colcon_core.shell:Creating package script '/home/betul/betul_ws/install/betul/share/betul/package.bash'
[6.340s] INFO:colcon.colcon_core.shell:Creating package script '/home/betul/betul_ws/install/betul/share/betul/package.zsh'
[6.341s] Level 1:colcon.colcon_core.environment:create_file_with_runtime_dependencies(/home/betul/betul_ws/install/betul/share/colcon-core/packages/betul)
[6.342s] DEBUG:colcon.colcon_parallel_executor.executor.parallel:closing loop
[6.342s] DEBUG:colcon.colcon_parallel_executor.executor.parallel:loop closed
[6.342s] DEBUG:colcon.colcon_parallel_executor.executor.parallel:run_until_complete finished with '0'
[6.343s] DEBUG:colcon.colcon_core.event_reactor:joining thread
[6.409s] INFO:colcon.colcon_core.plugin_system:Skipping extension 'colcon_notification.desktop_notification.terminal_notifier': Not used on non-Darwin systems
[6.409s] INFO:colcon.colcon_core.plugin_system:Skipping extension 'colcon_notification.desktop_notification.win32': Not used on non-Windows systems
[6.409s] INFO:colcon.colcon_notification.desktop_notification:Sending desktop notification using 'notify2'
[6.441s] DEBUG:colcon.colcon_core.event_reactor:joined thread
[6.505s] INFO:colcon.colcon_core.shell:Creating prefix script '/home/betul/betul_ws/install/local_setup.ps1'
[6.507s] INFO:colcon.colcon_core.shell:Creating prefix util module '/home/betul/betul_ws/install/_local_setup_util_ps1.py'
[6.509s] INFO:colcon.colcon_core.shell:Creating prefix chain script '/home/betul/betul_ws/install/setup.ps1'
[6.568s] INFO:colcon.colcon_core.shell:Creating prefix script '/home/betul/betul_ws/install/local_setup.sh'
[6.569s] INFO:colcon.colcon_core.shell:Creating prefix util module '/home/betul/betul_ws/install/_local_setup_util_sh.py'
[6.570s] INFO:colcon.colcon_core.shell:Creating prefix chain script '/home/betul/betul_ws/install/setup.sh'
[6.632s] INFO:colcon.colcon_core.shell:Creating prefix script '/home/betul/betul_ws/install/local_setup.bash'
[6.632s] INFO:colcon.colcon_core.shell:Creating prefix chain script '/home/betul/betul_ws/install/setup.bash'
[6.688s] INFO:colcon.colcon_core.shell:Creating prefix script '/home/betul/betul_ws/install/local_setup.zsh'
[6.688s] INFO:colcon.colcon_core.shell:Creating prefix chain script '/home/betul/betul_ws/install/setup.zsh'
